<?xml version="1.0" encoding="UTF-8"?>
<robot generator="Robot 7.1 (Python 3.12.6 on win32)" generated="2024-10-07T15:45:39.326884" rpa="false" schemaversion="5">
<suite id="s1" name="Test" source="C:\Users\FCTKSV\Dropbox\My PC (FCTKSVF-H6FAA2P)\Desktop\robot\Test_doppee\testcases\test.robot">
<test id="s1-t1" name="Test Register" line="9">
<kw name="common.Open website" type="SETUP">
<msg time="2024-10-07T15:45:39.358890" level="FAIL">No keyword with name 'common.Open website' found.</msg>
<arg>https://training-platform.doppio-tech.com/</arg>
<status status="FAIL" start="2024-10-07T15:45:39.358890" elapsed="0.000000">No keyword with name 'common.Open website' found.</status>
</kw>
<kw name="Close Browser" type="TEARDOWN">
<msg time="2024-10-07T15:45:39.358890" level="FAIL">No keyword with name 'Close Browser' found.</msg>
<status status="FAIL" start="2024-10-07T15:45:39.358890" elapsed="0.000000">No keyword with name 'Close Browser' found.</status>
</kw>
<tag>RegisterS</tag>
<status status="FAIL" start="2024-10-07T15:45:39.356882" elapsed="0.003001">Setup failed:
No keyword with name 'common.Open website' found.

Also teardown failed:
No keyword with name 'Close Browser' found.</status>
</test>
<test id="s1-t2" name="Test Log in" line="20">
<kw name="common.Open website" type="SETUP">
<msg time="2024-10-07T15:45:39.361892" level="FAIL">No keyword with name 'common.Open website' found.</msg>
<arg>https://training-platform.doppio-tech.com/</arg>
<status status="FAIL" start="2024-10-07T15:45:39.360883" elapsed="0.001009">No keyword with name 'common.Open website' found.</status>
</kw>
<kw name="Close Browser" type="TEARDOWN">
<msg time="2024-10-07T15:45:39.361892" level="FAIL">No keyword with name 'Close Browser' found.</msg>
<status status="FAIL" start="2024-10-07T15:45:39.361892" elapsed="0.000000">No keyword with name 'Close Browser' found.</status>
</kw>
<tag>Login</tag>
<status status="FAIL" start="2024-10-07T15:45:39.360883" elapsed="0.001009">Setup failed:
No keyword with name 'common.Open website' found.

Also teardown failed:
No keyword with name 'Close Browser' found.</status>
</test>
<status status="FAIL" start="2024-10-07T15:45:39.327885" elapsed="0.036007"/>
</suite>
<statistics>
<total>
<stat pass="0" fail="2" skip="0">All Tests</stat>
</total>
<tag>
<stat pass="0" fail="1" skip="0">Login</stat>
<stat pass="0" fail="1" skip="0">RegisterS</stat>
</tag>
<suite>
<stat pass="0" fail="2" skip="0" id="s1" name="Test">Test</stat>
</suite>
</statistics>
<errors>
<msg time="2024-10-07T15:45:39.355891" level="ERROR">Error in file 'C:\Users\FCTKSV\Dropbox\My PC (FCTKSVF-H6FAA2P)\Desktop\robot\Test_doppee\testcases\test.robot' on line 2: Error in file 'C:\Users\FCTKSV\Dropbox\My PC (FCTKSVF-H6FAA2P)\Desktop\robot\Test_doppee\resources\setting\import.robot' on line 39: Resource file with 'Test Cases' section is invalid.</msg>
</errors>
</robot>
