<?xml version="1.0" encoding="UTF-8"?>
<robot generator="Robot 7.1 (Python 3.12.6 on win32)" generated="2024-09-26T16:09:45.126675" rpa="false" schemaversion="5">
<suite id="s1" name="Test" source="C:\Users\FCTKSV\Dropbox\My PC (FCTKSVF-H6FAA2P)\Desktop\Robot\Test_Doppee\testcases\test.robot">
<test id="s1-t1" name="Test Register" line="6">
<kw name="Generate and save uuid email" owner="uuid_gen">
<kw name="Evaluate" owner="BuiltIn">
<msg time="2024-09-26T16:09:45.380899" level="INFO">${UUID} = 575f8738-db6a-4265-8a0d-72f9ef77411e</msg>
<var>${UUID}</var>
<arg>str(__import__('uuid').uuid4())</arg>
<doc>Evaluates the given expression in Python and returns the result.</doc>
<status status="PASS" start="2024-09-26T16:09:45.380899" elapsed="0.000000"/>
</kw>
<kw name="Set Variable" owner="BuiltIn">
<msg time="2024-09-26T16:09:45.381900" level="INFO">${EMAIL} = 575f8738-db6a-4265-8a0d-72f9ef77411e@gmail.com</msg>
<var>${EMAIL}</var>
<arg>${UUID}@gmail.com</arg>
<doc>Returns the given values which can then be assigned to a variables.</doc>
<status status="PASS" start="2024-09-26T16:09:45.381900" elapsed="0.000000"/>
</kw>
<kw name="Create Dictionary" owner="BuiltIn">
<msg time="2024-09-26T16:09:45.381900" level="INFO">${data} = {'email': '575f8738-db6a-4265-8a0d-72f9ef77411e@gmail.com'}</msg>
<var>${data}</var>
<arg>email=${EMAIL}</arg>
<doc>Creates and returns a dictionary based on the given ``items``.</doc>
<status status="PASS" start="2024-09-26T16:09:45.381900" elapsed="0.000000"/>
</kw>
<kw name="Write yaml file" owner="uuid_gen">
<kw name="Evaluate" owner="BuiltIn">
<msg time="2024-09-26T16:09:45.382901" level="INFO">${yaml_str} = email: 575f8738-db6a-4265-8a0d-72f9ef77411e@gmail.com
</msg>
<var>${yaml_str}</var>
<arg>__import__('yaml').dump(${data})</arg>
<doc>Evaluates the given expression in Python and returns the result.</doc>
<status status="PASS" start="2024-09-26T16:09:45.381900" elapsed="0.001001"/>
</kw>
<kw name="Create File" owner="OperatingSystem">
<msg time="2024-09-26T16:09:45.383894" level="INFO" html="true">Created file '&lt;a href="file://C:\Users\FCTKSV\Dropbox\My PC (FCTKSVF-H6FAA2P)\Desktop\Robot\Test_Doppee\testcases\uuid_email.yaml"&gt;C:\Users\FCTKSV\Dropbox\My PC (FCTKSVF-H6FAA2P)\Desktop\Robot\Test_Doppee\testcases\uuid_email.yaml&lt;/a&gt;'.</msg>
<arg>${file_name}</arg>
<arg>${yaml_str}</arg>
<doc>Creates a file with the given content and encoding.</doc>
<status status="PASS" start="2024-09-26T16:09:45.382901" elapsed="0.000993"/>
</kw>
<arg>uuid_email.yaml</arg>
<arg>${data}</arg>
<status status="PASS" start="2024-09-26T16:09:45.381900" elapsed="0.001994"/>
</kw>
<status status="PASS" start="2024-09-26T16:09:45.379894" elapsed="0.004000"/>
</kw>
<status status="PASS" start="2024-09-26T16:09:45.379894" elapsed="0.004000"/>
</test>
<status status="PASS" start="2024-09-26T16:09:45.127676" elapsed="0.257217"/>
</suite>
<statistics>
<total>
<stat pass="1" fail="0" skip="0">All Tests</stat>
</total>
<tag>
</tag>
<suite>
<stat pass="1" fail="0" skip="0" id="s1" name="Test">Test</stat>
</suite>
</statistics>
<errors>
<msg time="2024-09-26T16:09:45.346893" level="ERROR">Error in file 'C:\Users\FCTKSV\Dropbox\My PC (FCTKSVF-H6FAA2P)\Desktop\Robot\Test_Doppee\resources\import.robot' on line 8: Variable file 'testcases\result\uuid_email.yaml' does not exist.</msg>
</errors>
</robot>
