<?xml version="1.0" encoding="UTF-8"?>
<robot generator="Robot 7.1 (Python 3.12.6 on win32)" generated="2024-09-26T16:05:18.915350" rpa="false" schemaversion="5">
<suite id="s1" name="Uuid Gen" source="C:\Users\FCTKSV\Dropbox\My PC (FCTKSVF-H6FAA2P)\Desktop\Robot\Test_Doppee\resources\uuid_gen.robot">
<test id="s1-t1" name="tc01" line="18">
<kw name="Generate and save uuid email">
<kw name="Evaluate" owner="BuiltIn">
<msg time="2024-09-26T16:05:18.961364" level="INFO">${UUID} = 81794bc4-cac0-485e-867b-114319371e34</msg>
<var>${UUID}</var>
<arg>str(__import__('uuid').uuid4())</arg>
<doc>Evaluates the given expression in Python and returns the result.</doc>
<status status="PASS" start="2024-09-26T16:05:18.959360" elapsed="0.002004"/>
</kw>
<kw name="Set Variable" owner="BuiltIn">
<msg time="2024-09-26T16:05:18.962363" level="INFO">${EMAIL} = 81794bc4-cac0-485e-867b-114319371e34@gmail.com</msg>
<var>${EMAIL}</var>
<arg>${UUID}@gmail.com</arg>
<doc>Returns the given values which can then be assigned to a variables.</doc>
<status status="PASS" start="2024-09-26T16:05:18.961364" elapsed="0.000999"/>
</kw>
<kw name="Create Dictionary" owner="BuiltIn">
<msg time="2024-09-26T16:05:18.962363" level="INFO">${data} = {'email': '81794bc4-cac0-485e-867b-114319371e34@gmail.com'}</msg>
<var>${data}</var>
<arg>email=${EMAIL}</arg>
<doc>Creates and returns a dictionary based on the given ``items``.</doc>
<status status="PASS" start="2024-09-26T16:05:18.962363" elapsed="0.000000"/>
</kw>
<kw name="Write yaml file">
<kw name="Evaluate" owner="BuiltIn">
<msg time="2024-09-26T16:05:18.963363" level="INFO">${yaml_str} = email: 81794bc4-cac0-485e-867b-114319371e34@gmail.com
</msg>
<var>${yaml_str}</var>
<arg>__import__('yaml').dump(${data})</arg>
<doc>Evaluates the given expression in Python and returns the result.</doc>
<status status="PASS" start="2024-09-26T16:05:18.963363" elapsed="0.000000"/>
</kw>
<kw name="Create File" owner="OperatingSystem">
<msg time="2024-09-26T16:05:18.964362" level="INFO" html="true">Created file '&lt;a href="file://C:\Users\FCTKSV\Dropbox\My PC (FCTKSVF-H6FAA2P)\Desktop\Robot\Test_Doppee\resources\testdata\uuid_email.yaml"&gt;C:\Users\FCTKSV\Dropbox\My PC (FCTKSVF-H6FAA2P)\Desktop\Robot\Test_Doppee\resources\testdata\uuid_email.yaml&lt;/a&gt;'.</msg>
<arg>${file_name}</arg>
<arg>${yaml_str}</arg>
<doc>Creates a file with the given content and encoding.</doc>
<status status="PASS" start="2024-09-26T16:05:18.963363" elapsed="0.000999"/>
</kw>
<arg>testdata/uuid_email.yaml</arg>
<arg>${data}</arg>
<status status="PASS" start="2024-09-26T16:05:18.962363" elapsed="0.001999"/>
</kw>
<status status="PASS" start="2024-09-26T16:05:18.958362" elapsed="0.006000"/>
</kw>
<status status="PASS" start="2024-09-26T16:05:18.957362" elapsed="0.008001"/>
</test>
<status status="PASS" start="2024-09-26T16:05:18.917352" elapsed="0.048011"/>
</suite>
<statistics>
<total>
<stat pass="1" fail="0" skip="0">All Tests</stat>
</total>
<tag>
</tag>
<suite>
<stat pass="1" fail="0" skip="0" id="s1" name="Uuid Gen">Uuid Gen</stat>
</suite>
</statistics>
<errors>
</errors>
</robot>
