<?xml version="1.0" encoding="UTF-8"?>
<robot generator="Robot 7.1 (Python 3.12.6 on win32)" generated="2024-09-26T16:16:41.578994" rpa="false" schemaversion="5">
<suite id="s1" name="Test" source="C:\Users\FCTKSV\Dropbox\My PC (FCTKSVF-H6FAA2P)\Desktop\Robot\Test_Doppee\testcases\test.robot">
<test id="s1-t1" name="Test Register" line="6">
<kw name="Generate and save uuid email" owner="uuid_gen">
<kw name="Evaluate" owner="BuiltIn">
<msg time="2024-09-26T16:16:41.821509" level="INFO">${UUID} = d628e4cf-964b-4707-9840-280a3de66026</msg>
<var>${UUID}</var>
<arg>str(__import__('uuid').uuid4())</arg>
<doc>Evaluates the given expression in Python and returns the result.</doc>
<status status="PASS" start="2024-09-26T16:16:41.821509" elapsed="0.000000"/>
</kw>
<kw name="Set Variable" owner="BuiltIn">
<msg time="2024-09-26T16:16:41.821509" level="INFO">${Short_UUID} = d628e4cf</msg>
<var>${Short_UUID}</var>
<arg>${UUID}[0:8]</arg>
<doc>Returns the given values which can then be assigned to a variables.</doc>
<status status="PASS" start="2024-09-26T16:16:41.821509" elapsed="0.000000"/>
</kw>
<kw name="Set Variable" owner="BuiltIn">
<msg time="2024-09-26T16:16:41.822510" level="INFO">${email} = d628e4cf@gmail.com</msg>
<var>${email}</var>
<arg>${Short_UUID}@gmail.com</arg>
<doc>Returns the given values which can then be assigned to a variables.</doc>
<status status="PASS" start="2024-09-26T16:16:41.822510" elapsed="0.000000"/>
</kw>
<kw name="Create Dictionary" owner="BuiltIn">
<msg time="2024-09-26T16:16:41.822510" level="INFO">${data} = {'email': 'd628e4cf@gmail.com'}</msg>
<var>${data}</var>
<arg>email=${email}</arg>
<doc>Creates and returns a dictionary based on the given ``items``.</doc>
<status status="PASS" start="2024-09-26T16:16:41.822510" elapsed="0.000000"/>
</kw>
<kw name="Write yaml file" owner="uuid_gen">
<kw name="Evaluate" owner="BuiltIn">
<msg time="2024-09-26T16:16:41.823510" level="INFO">${yaml_str} = email: d628e4cf@gmail.com
</msg>
<var>${yaml_str}</var>
<arg>__import__('yaml').dump(${data})</arg>
<doc>Evaluates the given expression in Python and returns the result.</doc>
<status status="PASS" start="2024-09-26T16:16:41.822510" elapsed="0.001000"/>
</kw>
<kw name="Create File" owner="OperatingSystem">
<msg time="2024-09-26T16:16:41.823510" level="INFO" html="true">Created file '&lt;a href="file://C:\Users\FCTKSV\Dropbox\My PC (FCTKSVF-H6FAA2P)\Desktop\Robot\Test_Doppee\resources\testdata\uuid_email.yaml"&gt;C:\Users\FCTKSV\Dropbox\My PC (FCTKSVF-H6FAA2P)\Desktop\Robot\Test_Doppee\resources\testdata\uuid_email.yaml&lt;/a&gt;'.</msg>
<arg>${file_name}</arg>
<arg>${yaml_str}</arg>
<doc>Creates a file with the given content and encoding.</doc>
<status status="PASS" start="2024-09-26T16:16:41.823510" elapsed="0.000995"/>
</kw>
<arg>../resources/testdata/uuid_email.yaml</arg>
<arg>${data}</arg>
<status status="PASS" start="2024-09-26T16:16:41.822510" elapsed="0.001995"/>
</kw>
<status status="PASS" start="2024-09-26T16:16:41.820499" elapsed="0.004006"/>
</kw>
<kw name="Open website" owner="common">
<kw name="Open Browser" owner="SeleniumLibrary">
<msg time="2024-09-26T16:16:41.825509" level="INFO">Opening browser 'gc' to base url 'https://training-platform.doppio-tech.com/'.</msg>
<arg>${${type}.url}</arg>
<arg>gc</arg>
<doc>Opens a new browser instance to the optional ``url``.</doc>
<status status="PASS" start="2024-09-26T16:16:41.824505" elapsed="2.315918"/>
</kw>
<status status="PASS" start="2024-09-26T16:16:41.824505" elapsed="2.316919"/>
</kw>
<kw name="Click user icon" owner="common">
<kw name="Click Element" owner="SeleniumLibrary">
<msg time="2024-09-26T16:16:44.142424" level="INFO">Clicking element 'xpath=//span[@aria-label='user']'.</msg>
<arg>${common_locator.user_icon}</arg>
<doc>Click the element identified by ``locator``.</doc>
<status status="PASS" start="2024-09-26T16:16:44.142424" elapsed="0.085018"/>
</kw>
<status status="PASS" start="2024-09-26T16:16:44.141424" elapsed="0.086018"/>
</kw>
<kw name="Click sign up button" owner="log_in_page">
<kw name="Click Element" owner="SeleniumLibrary">
<msg time="2024-09-26T16:16:44.228452" level="INFO">Clicking element 'xpath=//div[@id='app']//button/span[text()='Sign up']'.</msg>
<arg>${login_locator.sign_up_btn}</arg>
<doc>Click the element identified by ``locator``.</doc>
<status status="PASS" start="2024-09-26T16:16:44.228452" elapsed="0.075008"/>
</kw>
<status status="PASS" start="2024-09-26T16:16:44.227442" elapsed="0.076018"/>
</kw>
<kw name="Input register email" owner="register_page">
<kw name="Input Text" owner="SeleniumLibrary">
<msg time="2024-09-26T16:16:44.304460" level="INFO">Typing text '76fbb2e7@gmail.com' into text field 'xpath=//input[@id='basic_username']'.</msg>
<arg>${register_locator.username_container}</arg>
<arg>${email}</arg>
<doc>Types the given ``text`` into the text field identified by ``locator``.</doc>
<status status="PASS" start="2024-09-26T16:16:44.304460" elapsed="0.124026"/>
</kw>
<arg>${email}</arg>
<status status="PASS" start="2024-09-26T16:16:44.303460" elapsed="0.125026"/>
</kw>
<kw name="Input register password" owner="register_page">
<kw name="Input Text" owner="SeleniumLibrary">
<msg time="2024-09-26T16:16:44.430488" level="INFO">Typing text 'Test.password123' into text field 'xpath=//input[@id='basic_password']'.</msg>
<arg>${register_locator.password_container}</arg>
<arg>${password}</arg>
<doc>Types the given ``text`` into the text field identified by ``locator``.</doc>
<status status="PASS" start="2024-09-26T16:16:44.429488" elapsed="0.106027"/>
</kw>
<arg>${user.password}</arg>
<status status="PASS" start="2024-09-26T16:16:44.429488" elapsed="0.106027"/>
</kw>
<kw name="Input confirm password" owner="register_page">
<kw name="Input Text" owner="SeleniumLibrary">
<msg time="2024-09-26T16:16:44.536512" level="INFO">Typing text 'Test.password123' into text field 'xpath=//input[@id='basic_confirmPassword']'.</msg>
<arg>${register_locator.confirm_password_container}</arg>
<arg>${cf_password}</arg>
<doc>Types the given ``text`` into the text field identified by ``locator``.</doc>
<status status="PASS" start="2024-09-26T16:16:44.536512" elapsed="0.103025"/>
</kw>
<arg>${user.cf_password}</arg>
<status status="PASS" start="2024-09-26T16:16:44.536512" elapsed="0.104024"/>
</kw>
<kw name="Submit registration" owner="register_page">
<kw name="Click Button" owner="SeleniumLibrary">
<msg time="2024-09-26T16:16:44.640536" level="INFO">Clicking button 'xpath=//div[@id='app']//button'.</msg>
<arg>${register_locator.submit_btn}</arg>
<doc>Clicks the button identified by ``locator``.</doc>
<status status="PASS" start="2024-09-26T16:16:44.640536" elapsed="0.060014"/>
</kw>
<kw name="Wait and click element" owner="common">
<kw name="Wait Until Element Is Visible" owner="SeleniumLibrary">
<arg>${element_path}</arg>
<arg>10s</arg>
<doc>Waits until the element ``locator`` is visible.</doc>
<status status="PASS" start="2024-09-26T16:16:44.701549" elapsed="0.442919"/>
</kw>
<kw name="Click Element" owner="SeleniumLibrary">
<msg time="2024-09-26T16:16:45.144468" level="INFO">Clicking element 'xpath=//button[span[text()='OK']]'.</msg>
<arg>${element_path}</arg>
<doc>Click the element identified by ``locator``.</doc>
<status status="PASS" start="2024-09-26T16:16:45.144468" elapsed="0.031240"/>
</kw>
<arg>${register_locator.ok_btn}</arg>
<status status="PASS" start="2024-09-26T16:16:44.700550" elapsed="0.475158"/>
</kw>
<status status="PASS" start="2024-09-26T16:16:44.640536" elapsed="0.535172"/>
</kw>
<kw name="Click user icon" owner="common">
<kw name="Click Element" owner="SeleniumLibrary">
<msg time="2024-09-26T16:16:45.176709" level="INFO">Clicking element 'xpath=//span[@aria-label='user']'.</msg>
<msg time="2024-09-26T16:16:45.506463" level="INFO" html="true">&lt;/td&gt;&lt;/tr&gt;&lt;tr&gt;&lt;td colspan="3"&gt;&lt;a href="selenium-screenshot-79.png"&gt;&lt;img src="selenium-screenshot-79.png" width="800px"&gt;&lt;/a&gt;</msg>
<msg time="2024-09-26T16:16:45.507462" level="FAIL">StaleElementReferenceException: Message: stale element reference: stale element not found in the current frame
  (Session info: chrome=129.0.6668.60); For documentation on this error, please visit: https://www.selenium.dev/documentation/webdriver/troubleshooting/errors#stale-element-reference-exception
Stacktrace:
	GetHandleVerifier [0x00007FF7580DFDA5+29557]
	(No symbol) [0x00007FF758052240]
	(No symbol) [0x00007FF757F0B6EA]
	(No symbol) [0x00007FF757F122BE]
	(No symbol) [0x00007FF757F14637]
	(No symbol) [0x00007FF757F146F0]
	(No symbol) [0x00007FF757F675D9]
	(No symbol) [0x00007FF757F6513C]
	(No symbol) [0x00007FF757F62608]
	(No symbol) [0x00007FF757F6181A]
	(No symbol) [0x00007FF757F536CE]
	(No symbol) [0x00007FF757F874FA]
	(No symbol) [0x00007FF757F53006]
	(No symbol) [0x00007FF757F87710]
	(No symbol) [0x00007FF757FA88A3]
	(No symbol) [0x00007FF757F872A3]
	(No symbol) [0x00007FF757F512DF]
	(No symbol) [0x00007FF757F52451]
	GetHandleVerifier [0x00007FF75840DCBD+3363469]
	GetHandleVerifier [0x00007FF758459B47+3674391]
	GetHandleVerifier [0x00007FF75844EAEB+3629243]
	GetHandleVerifier [0x00007FF75819FC66+815670]
	(No symbol) [0x00007FF75805D6EF]
	(No symbol) [0x00007FF7580592B4]
	(No symbol) [0x00007FF758059450]
	(No symbol) [0x00007FF7580481FF]
	BaseThreadInitThunk [0x00007FF846697374+20]
	RtlUserThreadStart [0x00007FF84869CC91+33]
</msg>
<arg>${common_locator.user_icon}</arg>
<doc>Click the element identified by ``locator``.</doc>
<status status="FAIL" start="2024-09-26T16:16:45.175708" elapsed="0.333754">StaleElementReferenceException: Message: stale element reference: stale element not found in the current frame
  (Session info: chrome=129.0.6668.60); For documentation on this error, please visit: https://www.selenium.dev/documentation/webdriver/troubleshooting/errors#stale-element-reference-exception
Stacktrace:
	GetHandleVerifier [0x00007FF7580DFDA5+29557]
	(No symbol) [0x00007FF758052240]
	(No symbol) [0x00007FF757F0B6EA]
	(No symbol) [0x00007FF757F122BE]
	(No symbol) [0x00007FF757F14637]
	(No symbol) [0x00007FF757F146F0]
	(No symbol) [0x00007FF757F675D9]
	(No symbol) [0x00007FF757F6513C]
	(No symbol) [0x00007FF757F62608]
	(No symbol) [0x00007FF757F6181A]
	(No symbol) [0x00007FF757F536CE]
	(No symbol) [0x00007FF757F874FA]
	(No symbol) [0x00007FF757F53006]
	(No symbol) [0x00007FF757F87710]
	(No symbol) [0x00007FF757FA88A3]
	(No symbol) [0x00007FF757F872A3]
	(No symbol) [0x00007FF757F512DF]
	(No symbol) [0x00007FF757F52451]
	GetHandleVerifier [0x00007FF75840DCBD+3363469]
	GetHandleVerifier [0x00007FF758459B47+3674391]
	GetHandleVerifier [0x00007FF75844EAEB+3629243]
	GetHandleVerifier [0x00007FF75819FC66+815670]
	(No symbol) [0x00007FF75805D6EF]
	(No symbol) [0x00007FF7580592B4]
	(No symbol) [0x00007FF758059450]
	(No symbol) [0x00007FF7580481FF]
	BaseThreadInitThunk [0x00007FF846697374+20]
	RtlUserThreadStart [0x00007FF84869CC91+33]
</status>
</kw>
<status status="FAIL" start="2024-09-26T16:16:45.175708" elapsed="0.333754">StaleElementReferenceException: Message: stale element reference: stale element not found in the current frame
  (Session info: chrome=129.0.6668.60); For documentation on this error, please visit: https://www.selenium.dev/documentation/webdriver/troubleshooting/errors#stale-element-reference-exception
Stacktrace:
	GetHandleVerifier [0x00007FF7580DFDA5+29557]
	(No symbol) [0x00007FF758052240]
	(No symbol) [0x00007FF757F0B6EA]
	(No symbol) [0x00007FF757F122BE]
	(No symbol) [0x00007FF757F14637]
	(No symbol) [0x00007FF757F146F0]
	(No symbol) [0x00007FF757F675D9]
	(No symbol) [0x00007FF757F6513C]
	(No symbol) [0x00007FF757F62608]
	(No symbol) [0x00007FF757F6181A]
	(No symbol) [0x00007FF757F536CE]
	(No symbol) [0x00007FF757F874FA]
	(No symbol) [0x00007FF757F53006]
	(No symbol) [0x00007FF757F87710]
	(No symbol) [0x00007FF757FA88A3]
	(No symbol) [0x00007FF757F872A3]
	(No symbol) [0x00007FF757F512DF]
	(No symbol) [0x00007FF757F52451]
	GetHandleVerifier [0x00007FF75840DCBD+3363469]
	GetHandleVerifier [0x00007FF758459B47+3674391]
	GetHandleVerifier [0x00007FF75844EAEB+3629243]
	GetHandleVerifier [0x00007FF75819FC66+815670]
	(No symbol) [0x00007FF75805D6EF]
	(No symbol) [0x00007FF7580592B4]
	(No symbol) [0x00007FF758059450]
	(No symbol) [0x00007FF7580481FF]
	BaseThreadInitThunk [0x00007FF846697374+20]
	RtlUserThreadStart [0x00007FF84869CC91+33]
</status>
</kw>
<kw name="Log out" owner="user_profile_page">
<status status="NOT RUN" start="2024-09-26T16:16:45.510464" elapsed="0.000000"/>
</kw>
<kw name="Close Browser" owner="SeleniumLibrary">
<doc>Closes the current browser.</doc>
<status status="NOT RUN" start="2024-09-26T16:16:45.510464" elapsed="0.000000"/>
</kw>
<status status="FAIL" start="2024-09-26T16:16:41.819339" elapsed="3.691125">StaleElementReferenceException: Message: stale element reference: stale element not found in the current frame
  (Session info: chrome=129.0.6668.60); For documentation on this error, please visit: https://www.selenium.dev/documentation/webdriver/troubleshooting/errors#stale-element-reference-exception
Stacktrace:
	GetHandleVerifier [0x00007FF7580DFDA5+29557]
	(No symbol) [0x00007FF758052240]
	(No symbol) [0x00007FF757F0B6EA]
	(No symbol) [0x00007FF757F122BE]
	(No symbol) [0x00007FF757F14637]
	(No symbol) [0x00007FF757F146F0]
	(No symbol) [0x00007FF757F675D9]
	(No symbol) [0x00007FF757F6513C]
	(No symbol) [0x00007FF757F62608]
	(No symbol) [0x00007FF757F6181A]
	(No symbol) [0x00007FF757F536CE]
	(No symbol) [0x00007FF757F874FA]
	(No symbol) [0x00007FF757F53006]
	(No symbol) [0x00007FF757F87710]
	(No symbol) [0x00007FF757FA88A3]
	(No symbol) [0x00007FF757F872A3]
	(No symbol) [0x00007FF757F512DF]
	(No symbol) [0x00007FF757F52451]
	GetHandleVerifier [0x00007FF75840DCBD+3363469]
	GetHandleVerifier [0x00007FF758459B47+3674391]
	GetHandleVerifier [0x00007FF75844EAEB+3629243]
	GetHandleVerifier [0x00007FF75819FC66+815670]
	(No symbol) [0x00007FF75805D6EF]
	(No symbol) [0x00007FF7580592B4]
	(No symbol) [0x00007FF758059450]
	(No symbol) [0x00007FF7580481FF]
	BaseThreadInitThunk [0x00007FF846697374+20]
	RtlUserThreadStart [0x00007FF84869CC91+33]
</status>
</test>
<test id="s1-t2" name="Test Log in" line="19">
<kw name="Open website" owner="common">
<kw name="Open Browser" owner="SeleniumLibrary">
<msg time="2024-09-26T16:16:45.515164" level="INFO">Opening browser 'gc' to base url 'https://training-platform.doppio-tech.com/'.</msg>
<arg>${${type}.url}</arg>
<arg>gc</arg>
<doc>Opens a new browser instance to the optional ``url``.</doc>
<status status="PASS" start="2024-09-26T16:16:45.514153" elapsed="2.446269"/>
</kw>
<status status="PASS" start="2024-09-26T16:16:45.514153" elapsed="2.446269"/>
</kw>
<kw name="Click user icon" owner="common">
<kw name="Click Element" owner="SeleniumLibrary">
<msg time="2024-09-26T16:16:47.960422" level="INFO">Clicking element 'xpath=//span[@aria-label='user']'.</msg>
<arg>${common_locator.user_icon}</arg>
<doc>Click the element identified by ``locator``.</doc>
<status status="PASS" start="2024-09-26T16:16:47.960422" elapsed="0.086019"/>
</kw>
<status status="PASS" start="2024-09-26T16:16:47.960422" elapsed="0.086019"/>
</kw>
<kw name="Login" owner="log_in_feature">
<kw name="Fill in an email" owner="log_in_page">
<kw name="Input Text" owner="SeleniumLibrary">
<msg time="2024-09-26T16:16:48.047441" level="INFO">Typing text '76fbb2e7@gmail.com' into text field 'xpath=//input[@type='text']'.</msg>
<arg>${login_locator.email_container}</arg>
<arg>${email}</arg>
<doc>Types the given ``text`` into the text field identified by ``locator``.</doc>
<status status="PASS" start="2024-09-26T16:16:48.047441" elapsed="0.096022"/>
</kw>
<arg>${email}</arg>
<status status="PASS" start="2024-09-26T16:16:48.047441" elapsed="0.096022"/>
</kw>
<kw name="Fill in password" owner="log_in_page">
<kw name="Input Text" owner="SeleniumLibrary">
<msg time="2024-09-26T16:16:48.145464" level="INFO">Typing text 'Test.password123' into text field 'xpath=//input[@type='password']'.</msg>
<arg>${login_locator.password_container}</arg>
<arg>${password}</arg>
<doc>Types the given ``text`` into the text field identified by ``locator``.</doc>
<status status="PASS" start="2024-09-26T16:16:48.144463" elapsed="0.076018"/>
</kw>
<arg>${password}</arg>
<status status="PASS" start="2024-09-26T16:16:48.144463" elapsed="0.076018"/>
</kw>
<kw name="Click login and ok button" owner="log_in_page">
<kw name="Click Button" owner="SeleniumLibrary">
<msg time="2024-09-26T16:16:48.222483" level="INFO">Clicking button 'xpath=//button[span[text()='Login']]'.</msg>
<arg>${login_locator.log_in_btn}</arg>
<doc>Clicks the button identified by ``locator``.</doc>
<status status="PASS" start="2024-09-26T16:16:48.221481" elapsed="0.051010"/>
</kw>
<kw name="Wait and click element" owner="common">
<kw name="Wait Until Element Is Visible" owner="SeleniumLibrary">
<arg>${element_path}</arg>
<arg>10s</arg>
<doc>Waits until the element ``locator`` is visible.</doc>
<status status="PASS" start="2024-09-26T16:16:48.273491" elapsed="0.225029"/>
</kw>
<kw name="Click Element" owner="SeleniumLibrary">
<msg time="2024-09-26T16:16:48.498520" level="INFO">Clicking element 'xpath=//button[span[text()='OK']]'.</msg>
<arg>${element_path}</arg>
<doc>Click the element identified by ``locator``.</doc>
<status status="PASS" start="2024-09-26T16:16:48.498520" elapsed="0.060014"/>
</kw>
<arg>${login_locator.ok_btn}</arg>
<status status="PASS" start="2024-09-26T16:16:48.272491" elapsed="0.286043"/>
</kw>
<status status="PASS" start="2024-09-26T16:16:48.221481" elapsed="0.337053"/>
</kw>
<arg>${email}</arg>
<arg>${user.password}</arg>
<status status="PASS" start="2024-09-26T16:16:48.046441" elapsed="0.512093"/>
</kw>
<kw name="Type and search product" owner="home_page">
<kw name="Input Text" owner="SeleniumLibrary">
<msg time="2024-09-26T16:16:48.560536" level="INFO">Typing text 'Phone' into text field 'xpath=//input[@placeholder='input search text']'.</msg>
<arg>${home_locator.input_txt}</arg>
<arg>${product}</arg>
<doc>Types the given ``text`` into the text field identified by ``locator``.</doc>
<status status="PASS" start="2024-09-26T16:16:48.559535" elapsed="0.069017"/>
</kw>
<kw name="Click Element" owner="SeleniumLibrary">
<msg time="2024-09-26T16:16:48.629552" level="INFO">Clicking element 'xpath=//span[@aria-label="search"]/parent::button'.</msg>
<arg>${home_locator.search_btn}</arg>
<doc>Click the element identified by ``locator``.</doc>
<status status="PASS" start="2024-09-26T16:16:48.628552" elapsed="0.226025"/>
</kw>
<arg>${user.product}</arg>
<status status="PASS" start="2024-09-26T16:16:48.559535" elapsed="0.295042"/>
</kw>
<kw name="Add Product to Cart" owner="home_feature">
<kw name="Click add product to cart" owner="home_page">
<kw name="Replace String" owner="String">
<msg time="2024-09-26T16:16:48.856571" level="INFO">${new_locator} = xpath=//div[@class='ant-card-meta-title' and text()='Coppee phone 1']</msg>
<var>${new_locator}</var>
<arg>${home_locator.search_txt_product_name}</arg>
<arg>{{product}}</arg>
<arg>${product.product_name}</arg>
<doc>Replaces ``search_for`` in the given ``string`` with ``replace_with``.</doc>
<status status="PASS" start="2024-09-26T16:16:48.856571" elapsed="0.000000"/>
</kw>
<kw name="Wait and click element" owner="common">
<kw name="Wait Until Element Is Visible" owner="SeleniumLibrary">
<arg>${element_path}</arg>
<arg>10s</arg>
<doc>Waits until the element ``locator`` is visible.</doc>
<status status="PASS" start="2024-09-26T16:16:48.856571" elapsed="0.222764"/>
</kw>
<kw name="Click Element" owner="SeleniumLibrary">
<msg time="2024-09-26T16:16:49.080336" level="INFO">Clicking element 'xpath=//div[@class='ant-card-meta-title' and text()='Coppee phone 1']'.</msg>
<arg>${element_path}</arg>
<doc>Click the element identified by ``locator``.</doc>
<status status="PASS" start="2024-09-26T16:16:49.080336" elapsed="0.033008"/>
</kw>
<arg>${new_locator}</arg>
<status status="PASS" start="2024-09-26T16:16:48.856571" elapsed="0.256773"/>
</kw>
<arg>${product.product_name}</arg>
<status status="PASS" start="2024-09-26T16:16:48.855568" elapsed="0.257776"/>
</kw>
<kw name="Click add to cart button and ok button" owner="home_page">
<kw name="Wait and click element" owner="common">
<kw name="Wait Until Element Is Visible" owner="SeleniumLibrary">
<arg>${element_path}</arg>
<arg>10s</arg>
<doc>Waits until the element ``locator`` is visible.</doc>
<status status="PASS" start="2024-09-26T16:16:49.114344" elapsed="0.218396"/>
</kw>
<kw name="Click Element" owner="SeleniumLibrary">
<msg time="2024-09-26T16:16:49.333741" level="INFO">Clicking element 'xpath=//span[text()='Add to cart']/parent::button'.</msg>
<arg>${element_path}</arg>
<doc>Click the element identified by ``locator``.</doc>
<status status="PASS" start="2024-09-26T16:16:49.333741" elapsed="0.038095"/>
</kw>
<arg>${home_locator.add_to_cart_btn}</arg>
<status status="PASS" start="2024-09-26T16:16:49.114344" elapsed="0.257492"/>
</kw>
<kw name="Wait and click element" owner="common">
<kw name="Wait Until Element Is Visible" owner="SeleniumLibrary">
<arg>${element_path}</arg>
<arg>10s</arg>
<doc>Waits until the element ``locator`` is visible.</doc>
<status status="PASS" start="2024-09-26T16:16:49.372834" elapsed="0.013997"/>
</kw>
<kw name="Click Element" owner="SeleniumLibrary">
<msg time="2024-09-26T16:16:49.387839" level="INFO">Clicking element 'xpath=//span[text()='OK']/parent::button'.</msg>
<arg>${element_path}</arg>
<doc>Click the element identified by ``locator``.</doc>
<status status="PASS" start="2024-09-26T16:16:49.387839" elapsed="0.040001"/>
</kw>
<arg>${home_locator.ok_popup}</arg>
<status status="PASS" start="2024-09-26T16:16:49.371836" elapsed="0.056004"/>
</kw>
<status status="PASS" start="2024-09-26T16:16:49.113344" elapsed="0.314496"/>
</kw>
<arg>${product.product_name}</arg>
<status status="PASS" start="2024-09-26T16:16:48.855568" elapsed="0.572272"/>
</kw>
<kw name="Open cart" owner="common">
<kw name="Click Element" owner="SeleniumLibrary">
<msg time="2024-09-26T16:16:49.428841" level="INFO">Clicking element 'xpath=//span[@aria-label='shopping-cart']'.</msg>
<arg>${common_locator.shopping_cart_icon}</arg>
<doc>Click the element identified by ``locator``.</doc>
<status status="PASS" start="2024-09-26T16:16:49.428841" elapsed="0.269200"/>
</kw>
<status status="PASS" start="2024-09-26T16:16:49.428841" elapsed="0.269200"/>
</kw>
<kw name="Fill in delivery info and start payment process" owner="cart_feature">
<kw name="Wait Until Element Is Visible" owner="SeleniumLibrary">
<arg>${cart_locator.input_txt_name}</arg>
<doc>Waits until the element ``locator`` is visible.</doc>
<status status="PASS" start="2024-09-26T16:16:49.700040" elapsed="0.012823"/>
</kw>
<kw name="Input email in Delivery info" owner="cart_page">
<kw name="Input Text" owner="SeleniumLibrary">
<msg time="2024-09-26T16:16:49.713871" level="INFO">Typing text '76fbb2e7@gmail.com' into text field 'xpath=//input[@id='form_item_email']'.</msg>
<arg>${cart_locator.input_txt_email}</arg>
<arg>${email}</arg>
<doc>Types the given ``text`` into the text field identified by ``locator``.</doc>
<status status="PASS" start="2024-09-26T16:16:49.713871" elapsed="0.107017"/>
</kw>
<arg>${email}</arg>
<status status="PASS" start="2024-09-26T16:16:49.713871" elapsed="0.107017"/>
</kw>
<kw name="Input name in Delivery info" owner="cart_page">
<kw name="Input Text" owner="SeleniumLibrary">
<msg time="2024-09-26T16:16:49.821887" level="INFO">Typing text 'Kasidet' into text field 'xpath=//input[@id='form_item_name']'.</msg>
<arg>${cart_locator.input_txt_name}</arg>
<arg>${name}</arg>
<doc>Types the given ``text`` into the text field identified by ``locator``.</doc>
<status status="PASS" start="2024-09-26T16:16:49.820888" elapsed="0.075018"/>
</kw>
<arg>${name}</arg>
<status status="PASS" start="2024-09-26T16:16:49.820888" elapsed="0.075018"/>
</kw>
<kw name="Input surName in Delivery info" owner="cart_page">
<kw name="Input Text" owner="SeleniumLibrary">
<msg time="2024-09-26T16:16:49.896914" level="INFO">Typing text 'Aphiphathrarathakorn' into text field 'xpath=//input[@id='form_item_surName']'.</msg>
<arg>${cart_locator.input_txt_surName}</arg>
<arg>${surname}</arg>
<doc>Types the given ``text`` into the text field identified by ``locator``.</doc>
<status status="PASS" start="2024-09-26T16:16:49.896914" elapsed="0.117017"/>
</kw>
<arg>${surname}</arg>
<status status="PASS" start="2024-09-26T16:16:49.896914" elapsed="0.117017"/>
</kw>
<kw name="Input address in Delivery info" owner="cart_page">
<kw name="Input Text" owner="SeleniumLibrary">
<msg time="2024-09-26T16:16:50.014934" level="INFO">Typing text '123/45' into text field 'xpath=//input[@id='form_item_address']'.</msg>
<arg>${cart_locator.input_txt_address}</arg>
<arg>${address}</arg>
<doc>Types the given ``text`` into the text field identified by ``locator``.</doc>
<status status="PASS" start="2024-09-26T16:16:50.014934" elapsed="0.071493"/>
</kw>
<arg>${address}</arg>
<status status="PASS" start="2024-09-26T16:16:50.013931" elapsed="0.072496"/>
</kw>
<kw name="Input phone in Delivery info" owner="cart_page">
<kw name="Input Text" owner="SeleniumLibrary">
<msg time="2024-09-26T16:16:50.087434" level="INFO">Typing text '0123456789' into text field 'xpath=//input[@id='form_item_phone']'.</msg>
<arg>${cart_locator.input_txt_phone}</arg>
<arg>${phone}</arg>
<doc>Types the given ``text`` into the text field identified by ``locator``.</doc>
<status status="PASS" start="2024-09-26T16:16:50.087434" elapsed="0.086013"/>
</kw>
<arg>${phone}</arg>
<status status="PASS" start="2024-09-26T16:16:50.086427" elapsed="0.087020"/>
</kw>
<kw name="Click Pay button" owner="cart_page">
<kw name="Click Button" owner="SeleniumLibrary">
<msg time="2024-09-26T16:16:50.174447" level="INFO">Clicking button 'xpath=//button[span[text()='PAY']]'.</msg>
<arg>${cart_locator.pay_btn}</arg>
<doc>Clicks the button identified by ``locator``.</doc>
<status status="PASS" start="2024-09-26T16:16:50.174447" elapsed="0.069025"/>
</kw>
<status status="PASS" start="2024-09-26T16:16:50.174447" elapsed="0.069025"/>
</kw>
<arg>${user.name}</arg>
<arg>${user.surname}</arg>
<arg>${user.address}</arg>
<arg>${user.phone}</arg>
<arg>${email}</arg>
<status status="PASS" start="2024-09-26T16:16:49.698041" elapsed="0.546429"/>
</kw>
<kw name="Select payment method" owner="payment_page">
<kw name="Click Button" owner="SeleniumLibrary">
<msg time="2024-09-26T16:16:50.244470" level="INFO">Clicking button 'xpath=//button[span[text()='Next']]'.</msg>
<arg>${payment_locator.next_btn}</arg>
<doc>Clicks the button identified by ``locator``.</doc>
<status status="PASS" start="2024-09-26T16:16:50.244470" elapsed="0.075011"/>
</kw>
<status status="PASS" start="2024-09-26T16:16:50.244470" elapsed="0.076012"/>
</kw>
<kw name="Fill in Credit Card Details and Confirm Payment" owner="payment_feature">
<kw name="Fill card number in credit card details" owner="payment_page">
<kw name="Input Text" owner="SeleniumLibrary">
<msg time="2024-09-26T16:16:50.323492" level="INFO">Typing text '4111111111111111' into text field 'xpath=//input[@id='basic_bin']'.</msg>
<arg>${payment_locator.card_number_container}</arg>
<arg>${creditcard}</arg>
<doc>Types the given ``text`` into the text field identified by ``locator``.</doc>
<status status="PASS" start="2024-09-26T16:16:50.323492" elapsed="0.098010"/>
</kw>
<arg>${creditcard}</arg>
<status status="PASS" start="2024-09-26T16:16:50.322481" elapsed="0.099021"/>
</kw>
<kw name="Fill expire date in credit card details" owner="payment_page">
<kw name="Input Text" owner="SeleniumLibrary">
<msg time="2024-09-26T16:16:50.422503" level="INFO">Typing text '12/2030' into text field 'xpath=//input[@id='basic_exp']'.</msg>
<arg>${payment_locator.exp_container}</arg>
<arg>${exp}</arg>
<doc>Types the given ``text`` into the text field identified by ``locator``.</doc>
<status status="PASS" start="2024-09-26T16:16:50.422503" elapsed="0.071464"/>
</kw>
<arg>${exp}</arg>
<status status="PASS" start="2024-09-26T16:16:50.422503" elapsed="0.071464"/>
</kw>
<kw name="Fill cvc in credit card details" owner="payment_page">
<kw name="Input Text" owner="SeleniumLibrary">
<msg time="2024-09-26T16:16:50.494968" level="INFO">Typing text '123' into text field 'xpath=//input[@id='basic_cvc']'.</msg>
<arg>${payment_locator.cvc_container}</arg>
<arg>${cvc}</arg>
<doc>Types the given ``text`` into the text field identified by ``locator``.</doc>
<status status="PASS" start="2024-09-26T16:16:50.493967" elapsed="0.063086"/>
</kw>
<arg>${cvc}</arg>
<status status="PASS" start="2024-09-26T16:16:50.493967" elapsed="0.064087"/>
</kw>
<kw name="Fill card holder name in credit card details" owner="payment_page">
<kw name="Input Text" owner="SeleniumLibrary">
<msg time="2024-09-26T16:16:50.558054" level="INFO">Typing text 'Kasidet' into text field 'xpath=//input[@id='basic_owner']'.</msg>
<arg>${payment_locator.holder_name_container}</arg>
<arg>${name}</arg>
<doc>Types the given ``text`` into the text field identified by ``locator``.</doc>
<status status="PASS" start="2024-09-26T16:16:50.558054" elapsed="0.076015"/>
</kw>
<arg>${name}</arg>
<status status="PASS" start="2024-09-26T16:16:50.558054" elapsed="0.076015"/>
</kw>
<kw name="Click confirm payment" owner="payment_page">
<kw name="Click Button" owner="SeleniumLibrary">
<msg time="2024-09-26T16:16:50.635069" level="INFO">Clicking button 'xpath=//button[span[text()='Confirm Payment']]'.</msg>
<arg>${payment_locator.confirm_payment_btn}</arg>
<doc>Clicks the button identified by ``locator``.</doc>
<status status="PASS" start="2024-09-26T16:16:50.635069" elapsed="0.055913"/>
</kw>
<kw name="Wait and click element" owner="common">
<kw name="Wait Until Element Is Visible" owner="SeleniumLibrary">
<arg>${element_path}</arg>
<arg>10s</arg>
<doc>Waits until the element ``locator`` is visible.</doc>
<status status="PASS" start="2024-09-26T16:16:50.691982" elapsed="0.218086"/>
</kw>
<kw name="Click Element" owner="SeleniumLibrary">
<msg time="2024-09-26T16:16:50.911068" level="INFO">Clicking element 'xpath=//button[span[text()='OK']]'.</msg>
<arg>${element_path}</arg>
<doc>Click the element identified by ``locator``.</doc>
<status status="PASS" start="2024-09-26T16:16:50.910068" elapsed="0.039608"/>
</kw>
<arg>${payment_locator.ok_btn}</arg>
<status status="PASS" start="2024-09-26T16:16:50.690982" elapsed="0.258694"/>
</kw>
<status status="PASS" start="2024-09-26T16:16:50.634069" elapsed="0.315607"/>
</kw>
<arg>${user.creditcard}</arg>
<arg>${user.exp}</arg>
<arg>${user.cvc}</arg>
<arg>${user.name}</arg>
<status status="PASS" start="2024-09-26T16:16:50.320482" elapsed="0.629194"/>
</kw>
<kw name="Click user icon" owner="common">
<kw name="Click Element" owner="SeleniumLibrary">
<msg time="2024-09-26T16:16:50.950677" level="INFO">Clicking element 'xpath=//span[@aria-label='user']'.</msg>
<arg>${common_locator.user_icon}</arg>
<doc>Click the element identified by ``locator``.</doc>
<status status="PASS" start="2024-09-26T16:16:50.950677" elapsed="0.231672"/>
</kw>
<status status="PASS" start="2024-09-26T16:16:50.950677" elapsed="0.231672"/>
</kw>
<kw name="Log out" owner="user_profile_page">
<kw name="Click Button" owner="SeleniumLibrary">
<msg time="2024-09-26T16:16:51.183350" level="INFO">Clicking button 'xpath=//button[span[text()='Logout']]'.</msg>
<arg>${user_profile_locator.logout_btn}</arg>
<doc>Clicks the button identified by ``locator``.</doc>
<status status="PASS" start="2024-09-26T16:16:51.183350" elapsed="0.333847"/>
</kw>
<status status="PASS" start="2024-09-26T16:16:51.183350" elapsed="0.334847"/>
</kw>
<status status="PASS" start="2024-09-26T16:16:45.514153" elapsed="6.004044"/>
</test>
<status status="FAIL" start="2024-09-26T16:16:41.580994" elapsed="9.938202"/>
</suite>
<statistics>
<total>
<stat pass="1" fail="1" skip="0">All Tests</stat>
</total>
<tag>
</tag>
<suite>
<stat pass="1" fail="1" skip="0" id="s1" name="Test">Test</stat>
</suite>
</statistics>
<errors>
</errors>
</robot>
